<?xml version="1.0" encoding="UTF-8"?>
<!-- Generated by org.testng.reporters.JUnitXMLReporter -->
<testsuite ignored="2" hostname="LAPTOP-E24LKBUN" failures="1" tests="1" name="Group_Test" time="0.056" errors="0" timestamp="2025-12-10T20:33:43 IST">
  <testcase classname="testCases.TC_002LoginTest" name="verify_login" time="0.02">
    <failure type="java.lang.AssertionError" message="null">
      <![CDATA[java.lang.AssertionError: null
at testCases.TC_002LoginTest.verify_login(TC_002LoginTest.java:39)
at java.base/java.util.ArrayList.forEach(ArrayList.java:1511)
... Removed 29 stack frames]]>
    </failure>
  </testcase> <!-- verify_login -->
  <testcase classname="testCases.TC_001AccountRegTest" name="verify_acc_registration" time="0.0">
    <ignored/>
  </testcase> <!-- verify_acc_registration -->
  <testcase classname="testCases.TC_003LoginDDT" name="verify_LoginDDT" time="0.0">
    <ignored/>
  </testcase> <!-- verify_LoginDDT -->
</testsuite> <!-- Group_Test -->
