<?xml version="1.0" encoding="UTF-8"?>
<!-- Generated by org.testng.reporters.JUnitXMLReporter -->
<testsuite ignored="0" hostname="LAPTOP-E24LKBUN" failures="1" tests="2" name="Test" time="11.77" errors="0" timestamp="2025-12-15T13:59:09 IST">
  <testcase classname="testCases.TC_001AccountRegTest" name="verify_acc_registration" time="5.33">
    <failure type="java.lang.AssertionError" message="expected [Your Account Has Been Created!!] but found [Your Account Has Been Created!]">
      <![CDATA[java.lang.AssertionError: expected [Your Account Has Been Created!!] but found [Your Account Has Been Created!]
at testCases.TC_001AccountRegTest.verify_acc_registration(TC_001AccountRegTest.java:47)
at java.base/java.util.ArrayList.forEach(ArrayList.java:1511)
... Removed 33 stack frames]]>
    </failure>
  </testcase> <!-- verify_acc_registration -->
  <testcase classname="testCases.TC_002LoginTest" name="verify_login" time="2.063"/>
</testsuite> <!-- Test -->
