<?xml version="1.0" encoding="UTF-8"?>
<testng-results ignored="0" total="2" passed="2" failed="0" skipped="0">
  <reporter-output>
  </reporter-output>
  <suite started-at="2025-12-15T14:51:26 IST" name="Master Suite" finished-at="2025-12-15T14:51:36 IST" duration-ms="10317">
    <groups>
      <group name="Sanity">
        <method signature="TC_001AccountRegTest.verify_acc_registration()[pri:0, instance:testCases.TC_001AccountRegTest@223191a6]" name="verify_acc_registration" class="testCases.TC_001AccountRegTest"/>
      </group> <!-- Sanity -->
      <group name="Regression">
        <method signature="TC_002LoginTest.verify_login()[pri:0, instance:testCases.TC_002LoginTest@59662a0b]" name="verify_login" class="testCases.TC_002LoginTest"/>
      </group> <!-- Regression -->
    </groups>
    <test started-at="2025-12-15T14:51:26 IST" name="Test" finished-at="2025-12-15T14:51:36 IST" duration-ms="10317">
      <class name="testCases.TC_001AccountRegTest">
        <test-method is-config="true" signature="setup(java.lang.String,java.lang.String)[pri:0, instance:testCases.TC_001AccountRegTest@223191a6]" started-at="2025-12-15T14:51:26 IST" name="setup" finished-at="2025-12-15T14:51:28 IST" duration-ms="1632" status="PASS">
          <params>
            <param index="0">
              <value>
                <![CDATA[Windows]]>
              </value>
            </param>
            <param index="1">
              <value>
                <![CDATA[chrome]]>
              </value>
            </param>
          </params>
          <reporter-output>
          </reporter-output>
        </test-method> <!-- setup -->
        <test-method signature="verify_acc_registration()[pri:0, instance:testCases.TC_001AccountRegTest@223191a6]" started-at="2025-12-15T14:51:28 IST" name="verify_acc_registration" finished-at="2025-12-15T14:51:33 IST" duration-ms="5221" status="PASS">
          <reporter-output>
          </reporter-output>
        </test-method> <!-- verify_acc_registration -->
        <test-method is-config="true" signature="tearDown()[pri:0, instance:testCases.TC_001AccountRegTest@223191a6]" started-at="2025-12-15T14:51:33 IST" name="tearDown" finished-at="2025-12-15T14:51:33 IST" duration-ms="188" status="PASS">
          <reporter-output>
          </reporter-output>
        </test-method> <!-- tearDown -->
      </class> <!-- testCases.TC_001AccountRegTest -->
      <class name="testCases.TC_002LoginTest">
        <test-method is-config="true" signature="setup(java.lang.String,java.lang.String)[pri:0, instance:testCases.TC_002LoginTest@59662a0b]" started-at="2025-12-15T14:51:33 IST" name="setup" finished-at="2025-12-15T14:51:35 IST" duration-ms="1554" status="PASS">
          <params>
            <param index="0">
              <value>
                <![CDATA[Windows]]>
              </value>
            </param>
            <param index="1">
              <value>
                <![CDATA[chrome]]>
              </value>
            </param>
          </params>
          <reporter-output>
          </reporter-output>
        </test-method> <!-- setup -->
        <test-method signature="verify_login()[pri:0, instance:testCases.TC_002LoginTest@59662a0b]" started-at="2025-12-15T14:51:35 IST" name="verify_login" finished-at="2025-12-15T14:51:36 IST" duration-ms="1470" status="PASS">
          <reporter-output>
          </reporter-output>
        </test-method> <!-- verify_login -->
        <test-method is-config="true" signature="tearDown()[pri:0, instance:testCases.TC_002LoginTest@59662a0b]" started-at="2025-12-15T14:51:36 IST" name="tearDown" finished-at="2025-12-15T14:51:36 IST" duration-ms="78" status="PASS">
          <reporter-output>
          </reporter-output>
        </test-method> <!-- tearDown -->
      </class> <!-- testCases.TC_002LoginTest -->
    </test> <!-- Test -->
  </suite> <!-- Master Suite -->
</testng-results>
