<?xml version="1.0" encoding="UTF-8"?>
<testsuite xmlns:xsi="http://www.w3.org/2001/XMLSchema-instance" xsi:noNamespaceSchemaLocation="https://maven.apache.org/surefire/maven-surefire-plugin/xsd/surefire-test-report-3.0.xsd" version="3.0" name="TestSuite" time="10.871" tests="2" errors="0" skipped="0" failures="0">
  <properties>
[...]
</properties>
  <testcase name="verify_acc_registration" classname="testCases.TC_001AccountRegTest" time="5.235">
    <system-out><![CDATA[time stamp===>2025.12.15.14.51.26
Browser====>chrome
]]></system-out>
    <system-err><![CDATA[SLF4J(W): No SLF4J providers were found.
SLF4J(W): Defaulting to no-operation (NOP) logger implementation
SLF4J(W): See https://www.slf4j.org/codes.html#noProviders for further details.
Starting ChromeDriver 143.0.7499.42 (24bdc8c48a0c8c2cd7780deb48bd92b9ed57a490-refs/branch-heads/7499@{#2390}) on port 35250
Only local connections are allowed.
Please see https://chromedriver.chromium.org/security-considerations for suggestions on keeping ChromeDriver safe.
ChromeDriver was started successfully on port 35250.
Dec 15, 2025 2:51:27 PM org.openqa.selenium.remote.ProtocolHandshake createSession
INFO: Detected dialect: W3C
]]></system-err>
  </testcase>
  <testcase name="verify_login" classname="testCases.TC_002LoginTest" time="1.469">
    <system-out><![CDATA[Browser====>chrome
]]></system-out>
    <system-err><![CDATA[Starting ChromeDriver 143.0.7499.42 (24bdc8c48a0c8c2cd7780deb48bd92b9ed57a490-refs/branch-heads/7499@{#2390}) on port 8389
Only local connections are allowed.
Please see https://chromedriver.chromium.org/security-considerations for suggestions on keeping ChromeDriver safe.
ChromeDriver was started successfully on port 8389.
Dec 15, 2025 2:51:34 PM org.openqa.selenium.remote.ProtocolHandshake createSession
INFO: Detected dialect: W3C
]]></system-err>
  </testcase>
</testsuite>